{
  "stats": {
    "suites": 1,
    "tests": 3,
    "passes": 3,
    "pending": 0,
    "failures": 0,
    "start": "2024-07-27T17:17:14.951Z",
    "end": "2024-07-27T17:19:46.230Z",
    "duration": 151279,
    "testsRegistered": 3,
    "passPercent": 100,
    "pendingPercent": 0,
    "other": 0,
    "hasOther": false,
    "skipped": 0,
    "hasSkipped": false
  },
  "results": [
    {
      "uuid": "616e2227-a4d5-4f8e-8049-dc429401439d",
      "title": "",
      "fullFile": "cypress\\e2e\\Add_to_cart.cy.js",
      "file": "cypress\\e2e\\Add_to_cart.cy.js",
      "beforeHooks": [],
      "afterHooks": [],
      "tests": [],
      "suites": [
        {
          "uuid": "27ab6d17-e92e-4756-825f-98eca05a63f5",
          "title": "Add to Cart",
          "fullFile": "",
          "file": "",
          "beforeHooks": [],
          "afterHooks": [],
          "tests": [
            {
              "title": "Verify the functionality of Add to Cart",
              "fullTitle": "Add to Cart Verify the functionality of Add to Cart",
              "timedOut": null,
              "duration": 36808,
              "state": "passed",
              "speed": "slow",
              "pass": true,
              "fail": false,
              "pending": false,
              "context": null,
              "code": "Atc.additemToCart();\ncy.get(\".add-to-cart\").as(\"atc\").then($btn => {\n  const randomIndex = Math.floor(Math.random() * $btn.length);\n  cy.wrap($btn[randomIndex]).scrollIntoView().click({\n    force: true\n  });\n  cy.get(\".modal-footer .btn-success\").should(\"be.visible\").click({\n    force: true\n  });\n});\ncy.get('.text-center a[href=\"/view_cart\"]').as(\"viewCart\").should(\"be.visible\");\ncy.get(\"@viewCart\").invoke(\"text\").then(viewCart => {\n  cy.get(\"@viewCart\").parent(\".text-center\").click();\n  expect(viewCart).to.eq(\"View Cart\");\n});",
              "err": {},
              "uuid": "bc2b0c3e-f884-4257-9011-aea320668d24",
              "parentUUID": "27ab6d17-e92e-4756-825f-98eca05a63f5",
              "isHook": false,
              "skipped": false
            },
            {
              "title": "Verify and Calculate price for items of cart",
              "fullTitle": "Add to Cart Verify and Calculate price for items of cart",
              "timedOut": null,
              "duration": 55385,
              "state": "passed",
              "speed": "slow",
              "pass": true,
              "fail": false,
              "pending": false,
              "context": null,
              "code": "cy.get(\"a[href='/view_cart']\").parent(\"li\").click();\ncy.get(\"table tbody tr\").each(($row, index, $rows) => {\n  cy.wrap($row).within(() => {\n    cy.get(\"td\").eq(2).invoke(\"text\").then(priceTxt => {\n      const price = parseFloat(priceTxt.replace(\"Rs.\", \"\").trim());\n      cy.get(\"td\").eq(3).invoke(\"text\").then(unitTxt => {\n        const unit = parseFloat(unitTxt);\n        const calculatedTotal = price * unit;\n        cy.get(\"td\").eq(4).invoke(\"text\").then(GrandTotal => {\n          const displayedTotal = parseFloat(GrandTotal.replace(\"Rs.\", \"\"));\n          expect(calculatedTotal).to.eq(displayedTotal);\n          cy.log(price + \"\" + unit);\n        });\n      });\n    });\n  });\n});",
              "err": {},
              "uuid": "e98d6ee8-6c66-485b-9fa0-9f28c55c380f",
              "parentUUID": "27ab6d17-e92e-4756-825f-98eca05a63f5",
              "isHook": false,
              "skipped": false
            },
            {
              "title": "Verify the Grant total of cart is correctly displayed to user.",
              "fullTitle": "Add to Cart Verify the Grant total of cart is correctly displayed to user.",
              "timedOut": null,
              "duration": 52541,
              "state": "passed",
              "speed": "slow",
              "pass": true,
              "fail": false,
              "pending": false,
              "context": null,
              "code": "cy.get(\"a[href='/view_cart']\").parent(\"li\").click();\ncy.get(\"table tbody tr\").each(($row, index, $rows) => {\n  cy.wrap($row).within(() => {\n    cy.get(\"td\").eq(4).invoke(\"text\").then(totalTxt => {\n      const total = parseFloat(totalTxt.replace(\"Rs.\", \"\").trim());\n      Gtotal += total;\n      cy.log(Gtotal);\n    });\n  });\n});\n//cy.CartCalculation();",
              "err": {},
              "uuid": "d48deffc-8b4d-4578-9a6a-08573c374f92",
              "parentUUID": "27ab6d17-e92e-4756-825f-98eca05a63f5",
              "isHook": false,
              "skipped": false
            }
          ],
          "suites": [],
          "passes": [
            "bc2b0c3e-f884-4257-9011-aea320668d24",
            "e98d6ee8-6c66-485b-9fa0-9f28c55c380f",
            "d48deffc-8b4d-4578-9a6a-08573c374f92"
          ],
          "failures": [],
          "pending": [],
          "skipped": [],
          "duration": 144734,
          "root": false,
          "rootEmpty": false,
          "_timeout": 2000
        }
      ],
      "passes": [],
      "failures": [],
      "pending": [],
      "skipped": [],
      "duration": 0,
      "root": true,
      "rootEmpty": true,
      "_timeout": 2000
    }
  ],
  "meta": {
    "mocha": {
      "version": "7.0.1"
    },
    "mochawesome": {
      "options": {
        "quiet": false,
        "reportFilename": "mochawesome",
        "saveHtml": true,
        "saveJson": true,
        "consoleReporter": "spec",
        "useInlineDiffs": false,
        "code": true
      },
      "version": "7.1.3"
    },
    "marge": {
      "options": {
        "reportDir": "cypress/reports/mochawesome-report",
        "overwrite": false,
        "html": true,
        "json": true
      },
      "version": "6.2.0"
    }
  }
}