{
  "stats": {
    "suites": 1,
    "tests": 2,
    "passes": 1,
    "pending": 0,
    "failures": 1,
    "start": "2024-07-21T08:03:15.878Z",
    "end": "2024-07-21T08:03:39.619Z",
    "duration": 23741,
    "testsRegistered": 2,
    "passPercent": 50,
    "pendingPercent": 0,
    "other": 0,
    "hasOther": false,
    "skipped": 0,
    "hasSkipped": false
  },
  "results": [
    {
      "uuid": "187d07d9-531d-4181-8402-558f04536a14",
      "title": "",
      "fullFile": "cypress\\e2e\\Verify_RegisterUser.cy.js",
      "file": "cypress\\e2e\\Verify_RegisterUser.cy.js",
      "beforeHooks": [],
      "afterHooks": [],
      "tests": [],
      "suites": [
        {
          "uuid": "2c063a26-5b31-44e5-bf55-e88cb24ca748",
          "title": "Verify the functionality of Register User",
          "fullFile": "",
          "file": "",
          "beforeHooks": [],
          "afterHooks": [],
          "tests": [
            {
              "title": "Password Length Must be Atleast 8 characters Combination of Lower Case+ upperCase + number and Special characters",
              "fullTitle": "Verify the functionality of Register User Password Length Must be Atleast 8 characters Combination of Lower Case+ upperCase + number and Special characters",
              "timedOut": null,
              "duration": 9076,
              "state": "failed",
              "speed": null,
              "pass": false,
              "fail": true,
              "pending": false,
              "context": null,
              "code": "const invalidPassword = \"12345678Aa\";\n// const passData = {\n//   password: faker.internet.password(10, false, /[A-Za-z0-9]/, \"James@\"),\n// };\nuser.enterpassword(invalidPassword);\ncy.get(\"#password\").invoke(\"val\").then(password => {\n  expect(password.length).to.be.gte(10);\n  expect(/[a-z]/.test(password)).to.be.true;\n  expect(/[A-Z]/.test(password)).to.be.true;\n  expect(/\\d/.test(password)).to.be.true;\n  expect(/[!@#$%^&*(),.?\":{}|<>]/.test(password)).to.be.true;\n});",
              "err": {
                "message": "AssertionError: expected false to be true",
                "estack": "AssertionError: expected false to be true\n    at Context.eval (webpack://learning/./cypress/e2e/Verify_RegisterUser.cy.js:284:62)",
                "diff": null
              },
              "uuid": "d42b9c3b-30b6-4e4b-9acc-2cd1741002e2",
              "parentUUID": "2c063a26-5b31-44e5-bf55-e88cb24ca748",
              "isHook": false,
              "skipped": false
            },
            {
              "title": "Phone number should not accept More than 12 digits And No character is allowed.",
              "fullTitle": "Verify the functionality of Register User Phone number should not accept More than 12 digits And No character is allowed.",
              "timedOut": null,
              "duration": 5493,
              "state": "passed",
              "speed": "medium",
              "pass": true,
              "fail": false,
              "pending": false,
              "context": null,
              "code": "const invalidPhoneNumber = \"234564588\";\nuser.enterPhone(invalidPhoneNumber);\ncy.get(\"#mobile_number\").as(\"mobileNumber\");\ncy.get(\"@mobile_number\").invoke(\"val\").then(phone => {\n  expect(phone.length).to.be.lte(12, \"phone number should not exceed 12 digits\");\n  expect(/^\\d+$/.test(phone)).to.be.true;\n});",
              "err": {},
              "uuid": "0644938a-fe4b-49e3-81b1-923aa1fa61d1",
              "parentUUID": "2c063a26-5b31-44e5-bf55-e88cb24ca748",
              "isHook": false,
              "skipped": false
            }
          ],
          "suites": [],
          "passes": [
            "0644938a-fe4b-49e3-81b1-923aa1fa61d1"
          ],
          "failures": [
            "d42b9c3b-30b6-4e4b-9acc-2cd1741002e2"
          ],
          "pending": [],
          "skipped": [],
          "duration": 14569,
          "root": false,
          "rootEmpty": false,
          "_timeout": 2000
        }
      ],
      "passes": [],
      "failures": [],
      "pending": [],
      "skipped": [],
      "duration": 0,
      "root": true,
      "rootEmpty": true,
      "_timeout": 2000
    }
  ],
  "meta": {
    "mocha": {
      "version": "7.0.1"
    },
    "mochawesome": {
      "options": {
        "quiet": false,
        "reportFilename": "mochawesome",
        "saveHtml": true,
        "saveJson": true,
        "consoleReporter": "spec",
        "useInlineDiffs": false,
        "code": true
      },
      "version": "7.1.3"
    },
    "marge": {
      "options": {
        "reportDir": "cypress/reports/mochawesome-report",
        "overwrite": false,
        "html": true,
        "json": true
      },
      "version": "6.2.0"
    }
  }
}