{
  "stats": {
    "suites": 1,
    "tests": 1,
    "passes": 1,
    "pending": 0,
    "failures": 0,
    "start": "2024-07-27T17:21:48.332Z",
    "end": "2024-07-27T17:22:10.725Z",
    "duration": 22393,
    "testsRegistered": 1,
    "passPercent": 100,
    "pendingPercent": 0,
    "other": 0,
    "hasOther": false,
    "skipped": 0,
    "hasSkipped": false
  },
  "results": [
    {
      "uuid": "a0346a4a-e060-4074-a422-ee75c726b1de",
      "title": "",
      "fullFile": "cypress\\e2e\\Verify_Proceed_to_Checkout.cy.js",
      "file": "cypress\\e2e\\Verify_Proceed_to_Checkout.cy.js",
      "beforeHooks": [],
      "afterHooks": [],
      "tests": [],
      "suites": [
        {
          "uuid": "ef3a5b28-f531-4a77-b14b-d14553c77069",
          "title": "Verify the functionality of Proceed to CheckOut",
          "fullFile": "",
          "file": "",
          "beforeHooks": [],
          "afterHooks": [],
          "tests": [
            {
              "title": "Verify the functionality of proceed to checkout",
              "fullTitle": "Verify the functionality of Proceed to CheckOut Verify the functionality of proceed to checkout",
              "timedOut": null,
              "duration": 16732,
              "state": "passed",
              "speed": "slow",
              "pass": true,
              "fail": false,
              "pending": false,
              "context": null,
              "code": "let Gtotal = 0;\nlet total = 0;\ncy.get(\"a[href='/view_cart']\").parent(\"li\").click();\ncy.get(\"table tbody tr\").each(($row, index, $rows) => {\n  cy.wrap($row).within(() => {\n    cy.get(\"td\").eq(4).invoke(\"text\").then(totalTxt => {\n      const total = parseFloat(totalTxt.replace(\"Rs.\", \"\").trim());\n      Gtotal += total;\n      cy.log(Gtotal);\n    });\n  });\n}).then(() => {\n  cy.log(`Calculated Grand Total: ${Gtotal}`);\n  cy.get(\"a[class='btn btn-default check_out']\").click();\n  cy.get(\"tr td .cart_total_price\").last().invoke(\"text\").then(cartTotalTxt => {\n    const Gcart_total = parseFloat(cartTotalTxt.replace(\"Rs.\", \"\").trim());\n    expect(Gcart_total).to.eq(Gtotal);\n    cy.log(`Calculated Cart Total: ${Gcart_total}`);\n  });\n});",
              "err": {},
              "uuid": "5182e6b0-bd9b-4dcf-b60a-88838b65fc7f",
              "parentUUID": "ef3a5b28-f531-4a77-b14b-d14553c77069",
              "isHook": false,
              "skipped": false
            }
          ],
          "suites": [],
          "passes": [
            "5182e6b0-bd9b-4dcf-b60a-88838b65fc7f"
          ],
          "failures": [],
          "pending": [],
          "skipped": [],
          "duration": 16732,
          "root": false,
          "rootEmpty": false,
          "_timeout": 2000
        }
      ],
      "passes": [],
      "failures": [],
      "pending": [],
      "skipped": [],
      "duration": 0,
      "root": true,
      "rootEmpty": true,
      "_timeout": 2000
    }
  ],
  "meta": {
    "mocha": {
      "version": "7.0.1"
    },
    "mochawesome": {
      "options": {
        "quiet": false,
        "reportFilename": "mochawesome",
        "saveHtml": true,
        "saveJson": true,
        "consoleReporter": "spec",
        "useInlineDiffs": false,
        "code": true
      },
      "version": "7.1.3"
    },
    "marge": {
      "options": {
        "reportDir": "cypress/reports/mochawesome-report",
        "overwrite": false,
        "html": true,
        "json": true
      },
      "version": "6.2.0"
    }
  }
}